# JRE version: OpenJDK Runtime Environment (8.0_242-b01) (build 1.8.0_242-release-1644-b01)
# Java VM: OpenJDK 64-Bit Server VM (25.242-b01 mixed mode windows-amd64 compressed oops)
Heap:
 PSYoungGen      total 252416K, used 9583K [0x00000000d5580000, 0x00000000e5d80000, 0x0000000100000000)
  eden space 234496K, 0% used [0x00000000d5580000,0x00000000d5580000,0x00000000e3a80000)
  from space 17920K, 53% used [0x00000000e4c00000,0x00000000e555bfb8,0x00000000e5d80000)
  to   space 17920K, 0% used [0x00000000e3a80000,0x00000000e3a80000,0x00000000e4c00000)
 ParOldGen       total 50688K, used 34606K [0x0000000080000000, 0x0000000083180000, 0x00000000d5580000)
  object space 50688K, 68% used [0x0000000080000000,0x00000000821cbba8,0x0000000083180000)
 Metaspace       used 57043K, capacity 59044K, committed 59160K, reserved 1099776K
  class space    used 7821K, capacity 8309K, committed 8368K, reserved 1048576K
GC Heap History (10 events):
Event: 6.934 GC heap after
Heap after GC invocations=10 (full 1):
 PSYoungGen      total 138752K, used 9704K [0x00000000d5580000, 0x00000000e2100000, 0x0000000100000000)
  eden space 129024K, 0% used [0x00000000d5580000,0x00000000d5580000,0x00000000dd380000)
  from space 9728K, 99% used [0x00000000dd380000,0x00000000ddcfa3d8,0x00000000ddd00000)
  to   space 12288K, 0% used [0x00000000e1500000,0x00000000e1500000,0x00000000e2100000)
 ParOldGen       total 33792K, used 12570K [0x0000000080000000, 0x0000000082100000, 0x00000000d5580000)
  object space 33792K, 37% used [0x0000000080000000,0x0000000080c46ad0,0x0000000082100000)
 Metaspace       used 32376K, capacity 33108K, committed 33456K, reserved 1077248K
  class space    used 4427K, capacity 4673K, committed 4784K, reserved 1048576K
}
Event: 8.274 GC heap before
{Heap before GC invocations=11 (full 1):
 PSYoungGen      total 138752K, used 59695K [0x00000000d5580000, 0x00000000e2100000, 0x0000000100000000)
  eden space 129024K, 38% used [0x00000000d5580000,0x00000000d86518b0,0x00000000dd380000)
  from space 9728K, 99% used [0x00000000dd380000,0x00000000ddcfa3d8,0x00000000ddd00000)
  to   space 12288K, 0% used [0x00000000e1500000,0x00000000e1500000,0x00000000e2100000)
 ParOldGen       total 33792K, used 12570K [0x0000000080000000, 0x0000000082100000, 0x00000000d5580000)
  object space 33792K, 37% used [0x0000000080000000,0x0000000080c46ad0,0x0000000082100000)
 Metaspace       used 34625K, capacity 35398K, committed 35496K, reserved 1079296K
  class space    used 4750K, capacity 4972K, committed 5040K, reserved 1048576K
Event: 8.287 GC heap after
Heap after GC invocations=11 (full 1):
 PSYoungGen      total 190976K, used 9068K [0x00000000d5580000, 0x00000000e1f80000, 0x0000000100000000)
  eden space 180224K, 0% used [0x00000000d5580000,0x00000000d5580000,0x00000000e0580000)
  from space 10752K, 84% used [0x00000000e1500000,0x00000000e1ddb258,0x00000000e1f80000)
  to   space 13312K, 0% used [0x00000000e0580000,0x00000000e0580000,0x00000000e1280000)
 ParOldGen       total 33792K, used 12578K [0x0000000080000000, 0x0000000082100000, 0x00000000d5580000)
  object space 33792K, 37% used [0x0000000080000000,0x0000000080c48ad0,0x0000000082100000)
 Metaspace       used 34625K, capacity 35398K, committed 35496K, reserved 1079296K
  class space    used 4750K, capacity 4972K, committed 5040K, reserved 1048576K
}
Event: 8.287 GC heap before
{Heap before GC invocations=12 (full 2):
 PSYoungGen      total 190976K, used 9068K [0x00000000d5580000, 0x00000000e1f80000, 0x0000000100000000)
  eden space 180224K, 0% used [0x00000000d5580000,0x00000000d5580000,0x00000000e0580000)
  from space 10752K, 84% used [0x00000000e1500000,0x00000000e1ddb258,0x00000000e1f80000)
  to   space 13312K, 0% used [0x00000000e0580000,0x00000000e0580000,0x00000000e1280000)
 ParOldGen       total 33792K, used 12578K [0x0000000080000000, 0x0000000082100000, 0x00000000d5580000)
  object space 33792K, 37% used [0x0000000080000000,0x0000000080c48ad0,0x0000000082100000)
 Metaspace       used 34625K, capacity 35398K, committed 35496K, reserved 1079296K
  class space    used 4750K, capacity 4972K, committed 5040K, reserved 1048576K
Event: 8.425 GC heap after
Heap after GC invocations=12 (full 2):
 PSYoungGen      total 190976K, used 0K [0x00000000d5580000, 0x00000000e1f80000, 0x0000000100000000)
  eden space 180224K, 0% used [0x00000000d5580000,0x00000000d5580000,0x00000000e0580000)
  from space 10752K, 0% used [0x00000000e1500000,0x00000000e1500000,0x00000000e1f80000)
  to   space 13312K, 0% used [0x00000000e0580000,0x00000000e0580000,0x00000000e1280000)
 ParOldGen       total 50688K, used 15537K [0x0000000080000000, 0x0000000083180000, 0x00000000d5580000)
  object space 50688K, 30% used [0x0000000080000000,0x0000000080f2c7e0,0x0000000083180000)
 Metaspace       used 34625K, capacity 35398K, committed 35496K, reserved 1079296K
  class space    used 4750K, capacity 4972K, committed 5040K, reserved 1048576K
}
Event: 17.817 GC heap before
{Heap before GC invocations=13 (full 2):
 PSYoungGen      total 190976K, used 180224K [0x00000000d5580000, 0x00000000e1f80000, 0x0000000100000000)
  eden space 180224K, 100% used [0x00000000d5580000,0x00000000e0580000,0x00000000e0580000)
  from space 10752K, 0% used [0x00000000e1500000,0x00000000e1500000,0x00000000e1f80000)
  to   space 13312K, 0% used [0x00000000e0580000,0x00000000e0580000,0x00000000e1280000)
 ParOldGen       total 50688K, used 15537K [0x0000000080000000, 0x0000000083180000, 0x00000000d5580000)
  object space 50688K, 30% used [0x0000000080000000,0x0000000080f2c7e0,0x0000000083180000)
 Metaspace       used 49509K, capacity 51200K, committed 51368K, reserved 1093632K
  class space    used 6618K, capacity 7033K, committed 7088K, reserved 1048576K
Event: 17.846 GC heap after
Heap after GC invocations=13 (full 2):
 PSYoungGen      total 193536K, used 13308K [0x00000000d5580000, 0x00000000e5d80000, 0x0000000100000000)
  eden space 180224K, 0% used [0x00000000d5580000,0x00000000d5580000,0x00000000e0580000)
  from space 13312K, 99% used [0x00000000e0580000,0x00000000e127f130,0x00000000e1280000)
  to   space 17920K, 0% used [0x00000000e4c00000,0x00000000e4c00000,0x00000000e5d80000)
 ParOldGen       total 50688K, used 23373K [0x0000000080000000, 0x0000000083180000, 0x00000000d5580000)
  object space 50688K, 46% used [0x0000000080000000,0x00000000816d3660,0x0000000083180000)
 Metaspace       used 49509K, capacity 51200K, committed 51368K, reserved 1093632K
  class space    used 6618K, capacity 7033K, committed 7088K, reserved 1048576K
}
Event: 20.057 GC heap before
{Heap before GC invocations=14 (full 2):
 PSYoungGen      total 193536K, used 99445K [0x00000000d5580000, 0x00000000e5d80000, 0x0000000100000000)
  eden space 180224K, 47% used [0x00000000d5580000,0x00000000da99e380,0x00000000e0580000)
  from space 13312K, 99% used [0x00000000e0580000,0x00000000e127f130,0x00000000e1280000)
  to   space 17920K, 0% used [0x00000000e4c00000,0x00000000e4c00000,0x00000000e5d80000)
 ParOldGen       total 50688K, used 23373K [0x0000000080000000, 0x0000000083180000, 0x00000000d5580000)
  object space 50688K, 46% used [0x0000000080000000,0x00000000816d3660,0x0000000083180000)
 Metaspace       used 57043K, capacity 59044K, committed 59160K, reserved 1099776K
  class space    used 7821K, capacity 8309K, committed 8368K, reserved 1048576K
Event: 20.109 GC heap after
Heap after GC invocations=14 (full 2):
 PSYoungGen      total 252416K, used 9583K [0x00000000d5580000, 0x00000000e5d80000, 0x0000000100000000)
  eden space 234496K, 0% used [0x00000000d5580000,0x00000000d5580000,0x00000000e3a80000)
  from space 17920K, 53% used [0x00000000e4c00000,0x00000000e555bfb8,0x00000000e5d80000)
  to   space 17920K, 0% used [0x00000000e3a80000,0x00000000e3a80000,0x00000000e4c00000)
 ParOldGen       total 50688K, used 34606K [0x0000000080000000, 0x0000000083180000, 0x00000000d5580000)
  object space 50688K, 68% used [0x0000000080000000,0x00000000821cbba8,0x0000000083180000)
 Metaspace       used 57043K, capacity 59044K, committed 59160K, reserved 1099776K
  class space    used 7821K, capacity 8309K, committed 8368K, reserved 1048576K
}
Event: 20.109 GC heap before
{Heap before GC invocations=15 (full 3):
 PSYoungGen      total 252416K, used 9583K [0x00000000d5580000, 0x00000000e5d80000, 0x0000000100000000)
  eden space 234496K, 0% used [0x00000000d5580000,0x00000000d5580000,0x00000000e3a80000)
  from space 17920K, 53% used [0x00000000e4c00000,0x00000000e555bfb8,0x00000000e5d80000)
  to   space 17920K, 0% used [0x00000000e3a80000,0x00000000e3a80000,0x00000000e4c00000)
 ParOldGen       total 50688K, used 34606K [0x0000000080000000, 0x0000000083180000, 0x00000000d5580000)
  object space 50688K, 68% used [0x0000000080000000,0x00000000821cbba8,0x0000000083180000)
 Metaspace       used 57043K, capacity 59044K, committed 59160K, reserved 1099776K
  class space    used 7821K, capacity 8309K, committed 8368K, reserved 1048576K

