# JRE version: OpenJDK Runtime Environment (8.0_242-b01) (build 1.8.0_242-release-1644-b01)
# Java VM: OpenJDK 64-Bit Server VM (25.242-b01 mixed mode windows-amd64 compressed oops)
Heap:
 PSYoungGen      total 265216K, used 225857K [0x00000000d5580000, 0x00000000e7400000, 0x0000000100000000)
  eden space 248320K, 90% used [0x00000000d5580000,0x00000000e3210468,0x00000000e4800000)
  from space 16896K, 0% used [0x00000000e5d00000,0x00000000e5d00000,0x00000000e6d80000)
  to   space 21504K, 0% used [0x00000000e4800000,0x00000000e4800000,0x00000000e5d00000)
 ParOldGen       total 59392K, used 34729K [0x0000000080000000, 0x0000000083a00000, 0x00000000d5580000)
  object space 59392K, 58% used [0x0000000080000000,0x00000000821ea468,0x0000000083a00000)
 Metaspace       used 69628K, capacity 72204K, committed 72496K, reserved 1112064K
  class space    used 9453K, capacity 10013K, committed 10032K, reserved 1048576K
GC Heap History (10 events):
Event: 10.443 GC heap before
{Heap before GC invocations=9 (full 1):
 PSYoungGen      total 140800K, used 23128K [0x00000000d5580000, 0x00000000e3580000, 0x0000000100000000)
  eden space 131072K, 10% used [0x00000000d5580000,0x00000000d6296cf8,0x00000000dd580000)
  from space 9728K, 99% used [0x00000000dd580000,0x00000000ddeff6d0,0x00000000ddf00000)
  to   space 13312K, 0% used [0x00000000e2880000,0x00000000e2880000,0x00000000e3580000)
 ParOldGen       total 47616K, used 19693K [0x0000000080000000, 0x0000000082e80000, 0x00000000d5580000)
  object space 47616K, 41% used [0x0000000080000000,0x000000008133b498,0x0000000082e80000)
 Metaspace       used 34538K, capacity 35342K, committed 35496K, reserved 1079296K
  class space    used 4571K, capacity 4834K, committed 4912K, reserved 1048576K
Event: 10.457 GC heap after
Heap after GC invocations=9 (full 1):
 PSYoungGen      total 216576K, used 7339K [0x00000000d5580000, 0x00000000e3e00000, 0x0000000100000000)
  eden space 203264K, 0% used [0x00000000d5580000,0x00000000d5580000,0x00000000e1c00000)
  from space 13312K, 55% used [0x00000000e2880000,0x00000000e2faad80,0x00000000e3580000)
  to   space 12800K, 0% used [0x00000000e1c00000,0x00000000e1c00000,0x00000000e2880000)
 ParOldGen       total 47616K, used 19701K [0x0000000080000000, 0x0000000082e80000, 0x00000000d5580000)
  object space 47616K, 41% used [0x0000000080000000,0x000000008133d498,0x0000000082e80000)
 Metaspace       used 34538K, capacity 35342K, committed 35496K, reserved 1079296K
  class space    used 4571K, capacity 4834K, committed 4912K, reserved 1048576K
}
Event: 10.457 GC heap before
{Heap before GC invocations=10 (full 2):
 PSYoungGen      total 216576K, used 7339K [0x00000000d5580000, 0x00000000e3e00000, 0x0000000100000000)
  eden space 203264K, 0% used [0x00000000d5580000,0x00000000d5580000,0x00000000e1c00000)
  from space 13312K, 55% used [0x00000000e2880000,0x00000000e2faad80,0x00000000e3580000)
  to   space 12800K, 0% used [0x00000000e1c00000,0x00000000e1c00000,0x00000000e2880000)
 ParOldGen       total 47616K, used 19701K [0x0000000080000000, 0x0000000082e80000, 0x00000000d5580000)
  object space 47616K, 41% used [0x0000000080000000,0x000000008133d498,0x0000000082e80000)
 Metaspace       used 34538K, capacity 35342K, committed 35496K, reserved 1079296K
  class space    used 4571K, capacity 4834K, committed 4912K, reserved 1048576K
Event: 10.571 GC heap after
Heap after GC invocations=10 (full 2):
 PSYoungGen      total 216576K, used 0K [0x00000000d5580000, 0x00000000e3e00000, 0x0000000100000000)
  eden space 203264K, 0% used [0x00000000d5580000,0x00000000d5580000,0x00000000e1c00000)
  from space 13312K, 0% used [0x00000000e2880000,0x00000000e2880000,0x00000000e3580000)
  to   space 12800K, 0% used [0x00000000e1c00000,0x00000000e1c00000,0x00000000e2880000)
 ParOldGen       total 59392K, used 14131K [0x0000000080000000, 0x0000000083a00000, 0x00000000d5580000)
  object space 59392K, 23% used [0x0000000080000000,0x0000000080dccd08,0x0000000083a00000)
 Metaspace       used 34538K, capacity 35342K, committed 35496K, reserved 1079296K
  class space    used 4571K, capacity 4834K, committed 4912K, reserved 1048576K
}
Event: 21.277 GC heap before
{Heap before GC invocations=11 (full 2):
 PSYoungGen      total 216576K, used 203264K [0x00000000d5580000, 0x00000000e3e00000, 0x0000000100000000)
  eden space 203264K, 100% used [0x00000000d5580000,0x00000000e1c00000,0x00000000e1c00000)
  from space 13312K, 0% used [0x00000000e2880000,0x00000000e2880000,0x00000000e3580000)
  to   space 12800K, 0% used [0x00000000e1c00000,0x00000000e1c00000,0x00000000e2880000)
 ParOldGen       total 59392K, used 14131K [0x0000000080000000, 0x0000000083a00000, 0x00000000d5580000)
  object space 59392K, 23% used [0x0000000080000000,0x0000000080dccd08,0x0000000083a00000)
 Metaspace       used 47596K, capacity 49368K, committed 49584K, reserved 1091584K
  class space    used 6319K, capacity 6726K, committed 6832K, reserved 1048576K
Event: 21.318 GC heap after
Heap after GC invocations=11 (full 2):
 PSYoungGen      total 216064K, used 12790K [0x00000000d5580000, 0x00000000e6d80000, 0x0000000100000000)
  eden space 203264K, 0% used [0x00000000d5580000,0x00000000d5580000,0x00000000e1c00000)
  from space 12800K, 99% used [0x00000000e1c00000,0x00000000e287dbb0,0x00000000e2880000)
  to   space 16896K, 0% used [0x00000000e5d00000,0x00000000e5d00000,0x00000000e6d80000)
 ParOldGen       total 59392K, used 19749K [0x0000000080000000, 0x0000000083a00000, 0x00000000d5580000)
  object space 59392K, 33% used [0x0000000080000000,0x0000000081349480,0x0000000083a00000)
 Metaspace       used 47596K, capacity 49368K, committed 49584K, reserved 1091584K
  class space    used 6319K, capacity 6726K, committed 6832K, reserved 1048576K
}
Event: 24.519 GC heap before
{Heap before GC invocations=12 (full 2):
 PSYoungGen      total 216064K, used 123795K [0x00000000d5580000, 0x00000000e6d80000, 0x0000000100000000)
  eden space 203264K, 54% used [0x00000000d5580000,0x00000000dc1e73e8,0x00000000e1c00000)
  from space 12800K, 99% used [0x00000000e1c00000,0x00000000e287dbb0,0x00000000e2880000)
  to   space 16896K, 0% used [0x00000000e5d00000,0x00000000e5d00000,0x00000000e6d80000)
 ParOldGen       total 59392K, used 19749K [0x0000000080000000, 0x0000000083a00000, 0x00000000d5580000)
  object space 59392K, 33% used [0x0000000080000000,0x0000000081349480,0x0000000083a00000)
 Metaspace       used 56979K, capacity 59084K, committed 59160K, reserved 1099776K
  class space    used 7604K, capacity 8083K, committed 8112K, reserved 1048576K
Event: 24.549 GC heap after
Heap after GC invocations=12 (full 2):
 PSYoungGen      total 265216K, used 16892K [0x00000000d5580000, 0x00000000e7400000, 0x0000000100000000)
  eden space 248320K, 0% used [0x00000000d5580000,0x00000000d5580000,0x00000000e4800000)
  from space 16896K, 99% used [0x00000000e5d00000,0x00000000e6d7f330,0x00000000e6d80000)
  to   space 21504K, 0% used [0x00000000e4800000,0x00000000e4800000,0x00000000e5d00000)
 ParOldGen       total 59392K, used 25487K [0x0000000080000000, 0x0000000083a00000, 0x00000000d5580000)
  object space 59392K, 42% used [0x0000000080000000,0x00000000818e3ec8,0x0000000083a00000)
 Metaspace       used 56979K, capacity 59084K, committed 59160K, reserved 1099776K
  class space    used 7604K, capacity 8083K, committed 8112K, reserved 1048576K
}
Event: 24.549 GC heap before
{Heap before GC invocations=13 (full 3):
 PSYoungGen      total 265216K, used 16892K [0x00000000d5580000, 0x00000000e7400000, 0x0000000100000000)
  eden space 248320K, 0% used [0x00000000d5580000,0x00000000d5580000,0x00000000e4800000)
  from space 16896K, 99% used [0x00000000e5d00000,0x00000000e6d7f330,0x00000000e6d80000)
  to   space 21504K, 0% used [0x00000000e4800000,0x00000000e4800000,0x00000000e5d00000)
 ParOldGen       total 59392K, used 25487K [0x0000000080000000, 0x0000000083a00000, 0x00000000d5580000)
  object space 59392K, 42% used [0x0000000080000000,0x00000000818e3ec8,0x0000000083a00000)
 Metaspace       used 56979K, capacity 59084K, committed 59160K, reserved 1099776K
  class space    used 7604K, capacity 8083K, committed 8112K, reserved 1048576K
Event: 24.859 GC heap after
Heap after GC invocations=13 (full 3):
 PSYoungGen      total 265216K, used 0K [0x00000000d5580000, 0x00000000e7400000, 0x0000000100000000)
  eden space 248320K, 0% used [0x00000000d5580000,0x00000000d5580000,0x00000000e4800000)
  from space 16896K, 0% used [0x00000000e5d00000,0x00000000e5d00000,0x00000000e6d80000)
  to   space 21504K, 0% used [0x00000000e4800000,0x00000000e4800000,0x00000000e5d00000)
 ParOldGen       total 59392K, used 34729K [0x0000000080000000, 0x0000000083a00000, 0x00000000d5580000)
  object space 59392K, 58% used [0x0000000080000000,0x00000000821ea468,0x0000000083a00000)
 Metaspace       used 56893K, capacity 58850K, committed 59160K, reserved 1099776K
  class space    used 7581K, capacity 8055K, committed 8112K, reserved 1048576K
}

