# JRE version: OpenJDK Runtime Environment (8.0_242-b01) (build 1.8.0_242-release-1644-b01)
# Java VM: OpenJDK 64-Bit Server VM (25.242-b01 mixed mode windows-amd64 compressed oops)
Heap:
 PSYoungGen      total 189952K, used 38383K [0x00000000d5580000, 0x00000000e5980000, 0x0000000100000000)
  eden space 177152K, 14% used [0x00000000d5580000,0x00000000d6e815c0,0x00000000e0280000)
  from space 12800K, 99% used [0x00000000e0280000,0x00000000e0efa9d8,0x00000000e0f00000)
  to   space 17920K, 0% used [0x00000000e4800000,0x00000000e4800000,0x00000000e5980000)
 ParOldGen       total 52224K, used 23966K [0x0000000080000000, 0x0000000083300000, 0x00000000d5580000)
  object space 52224K, 45% used [0x0000000080000000,0x0000000081767b98,0x0000000083300000)
 Metaspace       used 52160K, capacity 53964K, committed 54184K, reserved 1095680K
  class space    used 7071K, capacity 7495K, committed 7600K, reserved 1048576K
GC Heap History (10 events):
Event: 4.342 GC heap before
{Heap before GC invocations=9 (full 1):
 PSYoungGen      total 137728K, used 3924K [0x00000000d5580000, 0x00000000de580000, 0x0000000100000000)
  eden space 129024K, 0% used [0x00000000d5580000,0x00000000d5580000,0x00000000dd380000)
  from space 8704K, 45% used [0x00000000ddd00000,0x00000000de0d5040,0x00000000de580000)
  to   space 9216K, 0% used [0x00000000dd380000,0x00000000dd380000,0x00000000ddc80000)
 ParOldGen       total 44032K, used 8439K [0x0000000080000000, 0x0000000082b00000, 0x00000000d5580000)
  object space 44032K, 19% used [0x0000000080000000,0x000000008083dd30,0x0000000082b00000)
 Metaspace       used 20660K, capacity 21256K, committed 21296K, reserved 1067008K
  class space    used 2895K, capacity 3116K, committed 3120K, reserved 1048576K
Event: 4.435 GC heap after
Heap after GC invocations=9 (full 1):
 PSYoungGen      total 137728K, used 0K [0x00000000d5580000, 0x00000000de580000, 0x0000000100000000)
  eden space 129024K, 0% used [0x00000000d5580000,0x00000000d5580000,0x00000000dd380000)
  from space 8704K, 0% used [0x00000000ddd00000,0x00000000ddd00000,0x00000000de580000)
  to   space 9216K, 0% used [0x00000000dd380000,0x00000000dd380000,0x00000000ddc80000)
 ParOldGen       total 32768K, used 7014K [0x0000000080000000, 0x0000000082000000, 0x00000000d5580000)
  object space 32768K, 21% used [0x0000000080000000,0x00000000806d9910,0x0000000082000000)
 Metaspace       used 20660K, capacity 21256K, committed 21296K, reserved 1067008K
  class space    used 2895K, capacity 3116K, committed 3120K, reserved 1048576K
}
Event: 6.583 GC heap before
{Heap before GC invocations=10 (full 1):
 PSYoungGen      total 137728K, used 129024K [0x00000000d5580000, 0x00000000de580000, 0x0000000100000000)
  eden space 129024K, 100% used [0x00000000d5580000,0x00000000dd380000,0x00000000dd380000)
  from space 8704K, 0% used [0x00000000ddd00000,0x00000000ddd00000,0x00000000de580000)
  to   space 9216K, 0% used [0x00000000dd380000,0x00000000dd380000,0x00000000ddc80000)
 ParOldGen       total 32768K, used 7014K [0x0000000080000000, 0x0000000082000000, 0x00000000d5580000)
  object space 32768K, 21% used [0x0000000080000000,0x00000000806d9910,0x0000000082000000)
 Metaspace       used 32369K, capacity 33116K, committed 33456K, reserved 1077248K
  class space    used 4425K, capacity 4673K, committed 4784K, reserved 1048576K
Event: 6.614 GC heap after
Heap after GC invocations=10 (full 1):
 PSYoungGen      total 138240K, used 9193K [0x00000000d5580000, 0x00000000e1c80000, 0x0000000100000000)
  eden space 129024K, 0% used [0x00000000d5580000,0x00000000d5580000,0x00000000dd380000)
  from space 9216K, 99% used [0x00000000dd380000,0x00000000ddc7a510,0x00000000ddc80000)
  to   space 12288K, 0% used [0x00000000e1080000,0x00000000e1080000,0x00000000e1c80000)
 ParOldGen       total 32768K, used 11120K [0x0000000080000000, 0x0000000082000000, 0x00000000d5580000)
  object space 32768K, 33% used [0x0000000080000000,0x0000000080adc3b0,0x0000000082000000)
 Metaspace       used 32369K, capacity 33116K, committed 33456K, reserved 1077248K
  class space    used 4425K, capacity 4673K, committed 4784K, reserved 1048576K
}
Event: 7.233 GC heap before
{Heap before GC invocations=11 (full 1):
 PSYoungGen      total 138240K, used 60144K [0x00000000d5580000, 0x00000000e1c80000, 0x0000000100000000)
  eden space 129024K, 39% used [0x00000000d5580000,0x00000000d8741cb0,0x00000000dd380000)
  from space 9216K, 99% used [0x00000000dd380000,0x00000000ddc7a510,0x00000000ddc80000)
  to   space 12288K, 0% used [0x00000000e1080000,0x00000000e1080000,0x00000000e1c80000)
 ParOldGen       total 32768K, used 11120K [0x0000000080000000, 0x0000000082000000, 0x00000000d5580000)
  object space 32768K, 33% used [0x0000000080000000,0x0000000080adc3b0,0x0000000082000000)
 Metaspace       used 34612K, capacity 35406K, committed 35496K, reserved 1079296K
  class space    used 4750K, capacity 4972K, committed 5040K, reserved 1048576K
Event: 7.246 GC heap after
Heap after GC invocations=11 (full 1):
 PSYoungGen      total 188416K, used 8861K [0x00000000d5580000, 0x00000000e1b80000, 0x0000000100000000)
  eden space 177152K, 0% used [0x00000000d5580000,0x00000000d5580000,0x00000000e0280000)
  from space 11264K, 78% used [0x00000000e1080000,0x00000000e1927650,0x00000000e1b80000)
  to   space 12800K, 0% used [0x00000000e0280000,0x00000000e0280000,0x00000000e0f00000)
 ParOldGen       total 32768K, used 11128K [0x0000000080000000, 0x0000000082000000, 0x00000000d5580000)
  object space 32768K, 33% used [0x0000000080000000,0x0000000080ade3b0,0x0000000082000000)
 Metaspace       used 34612K, capacity 35406K, committed 35496K, reserved 1079296K
  class space    used 4750K, capacity 4972K, committed 5040K, reserved 1048576K
}
Event: 7.246 GC heap before
{Heap before GC invocations=12 (full 2):
 PSYoungGen      total 188416K, used 8861K [0x00000000d5580000, 0x00000000e1b80000, 0x0000000100000000)
  eden space 177152K, 0% used [0x00000000d5580000,0x00000000d5580000,0x00000000e0280000)
  from space 11264K, 78% used [0x00000000e1080000,0x00000000e1927650,0x00000000e1b80000)
  to   space 12800K, 0% used [0x00000000e0280000,0x00000000e0280000,0x00000000e0f00000)
 ParOldGen       total 32768K, used 11128K [0x0000000080000000, 0x0000000082000000, 0x00000000d5580000)
  object space 32768K, 33% used [0x0000000080000000,0x0000000080ade3b0,0x0000000082000000)
 Metaspace       used 34612K, capacity 35406K, committed 35496K, reserved 1079296K
  class space    used 4750K, capacity 4972K, committed 5040K, reserved 1048576K
Event: 7.340 GC heap after
Heap after GC invocations=12 (full 2):
 PSYoungGen      total 188416K, used 0K [0x00000000d5580000, 0x00000000e1b80000, 0x0000000100000000)
  eden space 177152K, 0% used [0x00000000d5580000,0x00000000d5580000,0x00000000e0280000)
  from space 11264K, 0% used [0x00000000e1080000,0x00000000e1080000,0x00000000e1b80000)
  to   space 12800K, 0% used [0x00000000e0280000,0x00000000e0280000,0x00000000e0f00000)
 ParOldGen       total 52224K, used 15386K [0x0000000080000000, 0x0000000083300000, 0x00000000d5580000)
  object space 52224K, 29% used [0x0000000080000000,0x0000000080f068c8,0x0000000083300000)
 Metaspace       used 34612K, capacity 35406K, committed 35496K, reserved 1079296K
  class space    used 4750K, capacity 4972K, committed 5040K, reserved 1048576K
}
Event: 14.949 GC heap before
{Heap before GC invocations=13 (full 2):
 PSYoungGen      total 188416K, used 177152K [0x00000000d5580000, 0x00000000e1b80000, 0x0000000100000000)
  eden space 177152K, 100% used [0x00000000d5580000,0x00000000e0280000,0x00000000e0280000)
  from space 11264K, 0% used [0x00000000e1080000,0x00000000e1080000,0x00000000e1b80000)
  to   space 12800K, 0% used [0x00000000e0280000,0x00000000e0280000,0x00000000e0f00000)
 ParOldGen       total 52224K, used 15386K [0x0000000080000000, 0x0000000083300000, 0x00000000d5580000)
  object space 52224K, 29% used [0x0000000080000000,0x0000000080f068c8,0x0000000083300000)
 Metaspace       used 49489K, capacity 51092K, committed 51368K, reserved 1093632K
  class space    used 6622K, capacity 7035K, committed 7088K, reserved 1048576K
Event: 14.982 GC heap after
Heap after GC invocations=13 (full 2):
 PSYoungGen      total 189952K, used 12778K [0x00000000d5580000, 0x00000000e5980000, 0x0000000100000000)
  eden space 177152K, 0% used [0x00000000d5580000,0x00000000d5580000,0x00000000e0280000)
  from space 12800K, 99% used [0x00000000e0280000,0x00000000e0efa9d8,0x00000000e0f00000)
  to   space 17920K, 0% used [0x00000000e4800000,0x00000000e4800000,0x00000000e5980000)
 ParOldGen       total 52224K, used 23966K [0x0000000080000000, 0x0000000083300000, 0x00000000d5580000)
  object space 52224K, 45% used [0x0000000080000000,0x0000000081767b98,0x0000000083300000)
 Metaspace       used 49489K, capacity 51092K, committed 51368K, reserved 1093632K
  class space    used 6622K, capacity 7035K, committed 7088K, reserved 1048576K
}

